<?xml version="1.0" encoding="UTF-8" ?>
<testsuite tests="27" failures="0" name="regions.RegionsTest" time="207.74" errors="0" skipped="7">
  <properties>
[...]
</properties>
  <testcase classname="regions.RegionsTest" name="testSourcesLink" time="6.938"/>
  <testcase classname="regions.RegionsTest" name="testLogoutLink" time="7.507"/>
  <testcase classname="regions.RegionsTest" name="testBrzeVestiLink" time="10.977"/>
  <testcase classname="regions.RegionsTest" name="testDashboardLink" time="6.782"/>
  <testcase classname="regions.RegionsTest" name="testSignaturesLink" time="6.82"/>
  <testcase classname="regions.RegionsTest" name="testCategoriesLink" time="6.613"/>
  <testcase classname="regions.RegionsTest" name="testRegionsLink" time="6.854"/>
  <testcase classname="regions.RegionsTest" name="testPortalsLink" time="8.796"/>
  <testcase classname="regions.RegionsTest" name="testEditBTRRandomRegion" time="7.397"/>
  <testcase classname="regions.RegionsTest" name="testReorderFirstRegion" time="9.369"/>
  <testcase classname="regions.RegionsTest" name="testReorderRandomRegion" time="9.322"/>
  <testcase classname="regions.RegionsTest" name="testEditFirstRegion" time="9.377"/>
  <testcase classname="regions.RegionsTest" name="testEditBTRFirstRegion" time="9.037"/>
  <testcase classname="regions.RegionsTest" name="testEditRandomRegion" time="7.353"/>
  <testcase classname="regions.RegionsTest" name="testEnableFirstRegion" time="7.486"/>
  <testcase classname="regions.RegionsTest" name="testCloseEnableFirstRegion" time="6.098">
    <skipped/>
    <system-err>Starting ChromeDriver 80.0.3987.106 (f68069574609230cf9b635cd784cfb1bf81bb53a-refs/branch-heads/3987@{#882}) on port 14523
Only local connections are allowed.
Please protect ports used by ChromeDriver and related test frameworks to prevent access by malicious code.
[1587851323.913][WARNING]: This version of ChromeDriver has not been tested with Chrome version 81.
apr 25, 2020 11:48:44 PO PODNE org.openqa.selenium.remote.ProtocolHandshake createSession
INFO: Detected dialect: W3C
[1587851325.320][SEVERE]: Timed out receiving message from renderer: 0.100
[1587851325.511][SEVERE]: Timed out receiving message from renderer: 0.100
</system-err>
  </testcase>
  <testcase classname="regions.RegionsTest" name="testEnableRandomRegion" time="8.136">
    <skipped/>
    <system-err>Starting ChromeDriver 80.0.3987.106 (f68069574609230cf9b635cd784cfb1bf81bb53a-refs/branch-heads/3987@{#882}) on port 1187
Only local connections are allowed.
Please protect ports used by ChromeDriver and related test frameworks to prevent access by malicious code.
[1587851329.945][WARNING]: This version of ChromeDriver has not been tested with Chrome version 81.
apr 25, 2020 11:48:50 PO PODNE org.openqa.selenium.remote.ProtocolHandshake createSession
INFO: Detected dialect: W3C
[1587851333.120][SEVERE]: Timed out receiving message from renderer: 0.100
[1587851333.222][SEVERE]: Timed out receiving message from renderer: 0.100
[1587851333.343][SEVERE]: Timed out receiving message from renderer: 0.100
[1587851335.866][SEVERE]: Timed out receiving message from renderer: 0.100
</system-err>
  </testcase>
  <testcase classname="regions.RegionsTest" name="testCloseEnableRandomRegion" time="6.541">
    <skipped/>
    <system-err>Starting ChromeDriver 80.0.3987.106 (f68069574609230cf9b635cd784cfb1bf81bb53a-refs/branch-heads/3987@{#882}) on port 15680
Only local connections are allowed.
Please protect ports used by ChromeDriver and related test frameworks to prevent access by malicious code.
[1587851338.054][WARNING]: This version of ChromeDriver has not been tested with Chrome version 81.
apr 25, 2020 11:48:59 PO PODNE org.openqa.selenium.remote.ProtocolHandshake createSession
INFO: Detected dialect: W3C
[1587851339.489][SEVERE]: Timed out receiving message from renderer: 0.100
[1587851339.590][SEVERE]: Timed out receiving message from renderer: 0.100
[1587851339.692][SEVERE]: Timed out receiving message from renderer: 0.100
[1587851339.797][SEVERE]: Timed out receiving message from renderer: 0.100
[1587851339.903][SEVERE]: Timed out receiving message from renderer: 0.100
[1587851342.311][SEVERE]: Timed out receiving message from renderer: 0.100
</system-err>
  </testcase>
  <testcase classname="regions.RegionsTest" name="testDisableFirstRegion" time="7.574"/>
  <testcase classname="regions.RegionsTest" name="testCloseDisableFirstRegion" time="6.29">
    <skipped/>
    <system-err>Starting ChromeDriver 80.0.3987.106 (f68069574609230cf9b635cd784cfb1bf81bb53a-refs/branch-heads/3987@{#882}) on port 41623
Only local connections are allowed.
Please protect ports used by ChromeDriver and related test frameworks to prevent access by malicious code.
[1587851352.186][WARNING]: This version of ChromeDriver has not been tested with Chrome version 81.
apr 25, 2020 11:49:13 PO PODNE org.openqa.selenium.remote.ProtocolHandshake createSession
INFO: Detected dialect: W3C
[1587851353.592][SEVERE]: Timed out receiving message from renderer: 0.100
[1587851353.693][SEVERE]: Timed out receiving message from renderer: 0.100
[1587851353.798][SEVERE]: Timed out receiving message from renderer: 0.100
[1587851353.936][SEVERE]: Timed out receiving message from renderer: 0.100
[1587851356.290][SEVERE]: Timed out receiving message from renderer: 0.100
</system-err>
  </testcase>
  <testcase classname="regions.RegionsTest" name="testDisableRandomRegion" time="6.312">
    <skipped/>
    <system-err>Starting ChromeDriver 80.0.3987.106 (f68069574609230cf9b635cd784cfb1bf81bb53a-refs/branch-heads/3987@{#882}) on port 25810
Only local connections are allowed.
Please protect ports used by ChromeDriver and related test frameworks to prevent access by malicious code.
[1587851358.488][WARNING]: This version of ChromeDriver has not been tested with Chrome version 81.
apr 25, 2020 11:49:19 PO PODNE org.openqa.selenium.remote.ProtocolHandshake createSession
INFO: Detected dialect: W3C
[1587851359.863][SEVERE]: Timed out receiving message from renderer: 0.100
[1587851359.966][SEVERE]: Timed out receiving message from renderer: 0.100
[1587851360.073][SEVERE]: Timed out receiving message from renderer: 0.100
[1587851360.198][SEVERE]: Timed out receiving message from renderer: 0.100
</system-err>
  </testcase>
  <testcase classname="regions.RegionsTest" name="testCloseDisableRandomRegion" time="8.258">
    <skipped/>
    <system-err>Starting ChromeDriver 80.0.3987.106 (f68069574609230cf9b635cd784cfb1bf81bb53a-refs/branch-heads/3987@{#882}) on port 12318
Only local connections are allowed.
Please protect ports used by ChromeDriver and related test frameworks to prevent access by malicious code.
[1587851364.916][WARNING]: This version of ChromeDriver has not been tested with Chrome version 81.
apr 25, 2020 11:49:25 PO PODNE org.openqa.selenium.remote.ProtocolHandshake createSession
INFO: Detected dialect: W3C
[1587851368.054][SEVERE]: Timed out receiving message from renderer: 0.100
[1587851368.156][SEVERE]: Timed out receiving message from renderer: 0.100
[1587851368.276][SEVERE]: Timed out receiving message from renderer: 0.100
[1587851370.876][SEVERE]: Timed out receiving message from renderer: 0.100
</system-err>
  </testcase>
  <testcase classname="regions.RegionsTest" name="testDeleteFirstRegion" time="9.576"/>
  <testcase classname="regions.RegionsTest" name="testCloseDeleteFirstRegion" time="7.705"/>
  <testcase classname="regions.RegionsTest" name="testDeleteRandomRegion" time="7.32"/>
  <testcase classname="regions.RegionsTest" name="testCloseDeleteRandomRegion" time="6.301">
    <skipped/>
    <system-err>Starting ChromeDriver 80.0.3987.106 (f68069574609230cf9b635cd784cfb1bf81bb53a-refs/branch-heads/3987@{#882}) on port 18223
Only local connections are allowed.
Please protect ports used by ChromeDriver and related test frameworks to prevent access by malicious code.
[1587851397.811][WARNING]: This version of ChromeDriver has not been tested with Chrome version 81.
apr 25, 2020 11:49:58 PO PODNE org.openqa.selenium.remote.ProtocolHandshake createSession
INFO: Detected dialect: W3C
[1587851399.203][SEVERE]: Timed out receiving message from renderer: 0.100
[1587851399.308][SEVERE]: Timed out receiving message from renderer: 0.100
[1587851399.431][SEVERE]: Timed out receiving message from renderer: 0.100
[1587851399.532][SEVERE]: Timed out receiving message from renderer: 0.100
</system-err>
  </testcase>
  <testcase classname="regions.RegionsTest" name="testAddNewRegion" time="7.001"/>
</testsuite>