<?xml version="1.0" encoding="UTF-8" ?>
<testsuite tests="8" failures="0" name="sources.SourcesTest" time="60.442" errors="0" skipped="0">
  <properties>
[...]
</properties>
  <testcase classname="sources.SourcesTest" name="testSourcesLink" time="7.286"/>
  <testcase classname="sources.SourcesTest" name="testLogoutLink" time="7.714"/>
  <testcase classname="sources.SourcesTest" name="testBrzeVestiLink" time="7.462"/>
  <testcase classname="sources.SourcesTest" name="testDashboardLink" time="6.998"/>
  <testcase classname="sources.SourcesTest" name="testSignaturesLink" time="7.447"/>
  <testcase classname="sources.SourcesTest" name="testCategoriesLink" time="6.793"/>
  <testcase classname="sources.SourcesTest" name="testRegionsLink" time="7.419"/>
  <testcase classname="sources.SourcesTest" name="testPortalsLink" time="9.323"/>
</testsuite>