<?xml version="1.0" encoding="UTF-8" ?>
<testsuite tests="27" failures="0" name="portal.PortalTest" time="226.075" errors="0" skipped="7">
  <properties>
[...]
</properties>
  <testcase classname="portal.PortalTest" name="testBrzeVestiLink" time="11.166"/>
  <testcase classname="portal.PortalTest" name="testDashboardLink" time="8.044"/>
  <testcase classname="portal.PortalTest" name="testSignaturesLink" time="7.584"/>
  <testcase classname="portal.PortalTest" name="testCategoriesLink" time="7.512"/>
  <testcase classname="portal.PortalTest" name="testRegionsLink" time="7.078"/>
  <testcase classname="portal.PortalTest" name="testPortalsLink" time="6.999"/>
  <testcase classname="portal.PortalTest" name="testSourcesLink" time="7.318"/>
  <testcase classname="portal.PortalTest" name="testLogoutLink" time="7.668"/>
  <testcase classname="portal.PortalTest" name="testAddNewPortal" time="8.415"/>
  <testcase classname="portal.PortalTest" name="testReorderFirstPortal" time="10.166"/>
  <testcase classname="portal.PortalTest" name="testReorderRandomPortal" time="11.513"/>
  <testcase classname="portal.PortalTest" name="testEditFirstPortal" time="8.451"/>
  <testcase classname="portal.PortalTest" name="testEditBTPFirstPortal" time="8.855"/>
  <testcase classname="portal.PortalTest" name="testEditRandomPortal" time="9.385"/>
  <testcase classname="portal.PortalTest" name="testEditBTRRandomRegion" time="10.195"/>
  <testcase classname="portal.PortalTest" name="testEnableFirstPortal" time="6.838">
    <skipped/>
    <system-err>Starting ChromeDriver 80.0.3987.106 (f68069574609230cf9b635cd784cfb1bf81bb53a-refs/branch-heads/3987@{#882}) on port 18816
Only local connections are allowed.
Please protect ports used by ChromeDriver and related test frameworks to prevent access by malicious code.
[1587901465.393][WARNING]: This version of ChromeDriver has not been tested with Chrome version 81.
apr 26, 2020 1:44:26 PO PODNE org.openqa.selenium.remote.ProtocolHandshake createSession
INFO: Detected dialect: W3C
[1587901466.865][SEVERE]: Timed out receiving message from renderer: 0.100
[1587901466.965][SEVERE]: Timed out receiving message from renderer: 0.100
[1587901467.067][SEVERE]: Timed out receiving message from renderer: 0.100
</system-err>
  </testcase>
  <testcase classname="portal.PortalTest" name="testCloseEnableFirstPortal" time="6.559">
    <skipped/>
    <system-err>Starting ChromeDriver 80.0.3987.106 (f68069574609230cf9b635cd784cfb1bf81bb53a-refs/branch-heads/3987@{#882}) on port 4603
Only local connections are allowed.
Please protect ports used by ChromeDriver and related test frameworks to prevent access by malicious code.
[1587901472.228][WARNING]: This version of ChromeDriver has not been tested with Chrome version 81.
apr 26, 2020 1:44:33 PO PODNE org.openqa.selenium.remote.ProtocolHandshake createSession
INFO: Detected dialect: W3C
[1587901473.666][SEVERE]: Timed out receiving message from renderer: 0.100
[1587901473.767][SEVERE]: Timed out receiving message from renderer: 0.100
[1587901473.868][SEVERE]: Timed out receiving message from renderer: 0.100
[1587901476.458][SEVERE]: Timed out receiving message from renderer: 0.100
</system-err>
  </testcase>
  <testcase classname="portal.PortalTest" name="testEnableRandomPortal" time="6.58">
    <skipped/>
    <system-err>Starting ChromeDriver 80.0.3987.106 (f68069574609230cf9b635cd784cfb1bf81bb53a-refs/branch-heads/3987@{#882}) on port 4353
Only local connections are allowed.
Please protect ports used by ChromeDriver and related test frameworks to prevent access by malicious code.
[1587901478.790][WARNING]: This version of ChromeDriver has not been tested with Chrome version 81.
apr 26, 2020 1:44:39 PO PODNE org.openqa.selenium.remote.ProtocolHandshake createSession
INFO: Detected dialect: W3C
[1587901480.382][SEVERE]: Timed out receiving message from renderer: 0.100
[1587901480.486][SEVERE]: Timed out receiving message from renderer: 0.100
[1587901480.588][SEVERE]: Timed out receiving message from renderer: 0.100
[1587901483.095][SEVERE]: Timed out receiving message from renderer: 0.100
</system-err>
  </testcase>
  <testcase classname="portal.PortalTest" name="testCloseEnableRandomPortal" time="8.76">
    <skipped/>
    <system-err>Starting ChromeDriver 80.0.3987.106 (f68069574609230cf9b635cd784cfb1bf81bb53a-refs/branch-heads/3987@{#882}) on port 17034
Only local connections are allowed.
Please protect ports used by ChromeDriver and related test frameworks to prevent access by malicious code.
[1587901485.379][WARNING]: This version of ChromeDriver has not been tested with Chrome version 81.
apr 26, 2020 1:44:46 PO PODNE org.openqa.selenium.remote.ProtocolHandshake createSession
INFO: Detected dialect: W3C
[1587901488.658][SEVERE]: Timed out receiving message from renderer: 0.100
[1587901488.760][SEVERE]: Timed out receiving message from renderer: 0.100
[1587901488.888][SEVERE]: Timed out receiving message from renderer: 0.100
[1587901491.569][SEVERE]: Timed out receiving message from renderer: 0.100
[1587901491.687][SEVERE]: Timed out receiving message from renderer: 0.100
</system-err>
  </testcase>
  <testcase classname="portal.PortalTest" name="testDisableFirstPortal" time="10.191"/>
  <testcase classname="portal.PortalTest" name="testCloseDisableFirstPortal" time="8.716">
    <skipped/>
    <system-err>Starting ChromeDriver 80.0.3987.106 (f68069574609230cf9b635cd784cfb1bf81bb53a-refs/branch-heads/3987@{#882}) on port 46951
Only local connections are allowed.
Please protect ports used by ChromeDriver and related test frameworks to prevent access by malicious code.
[1587901504.368][WARNING]: This version of ChromeDriver has not been tested with Chrome version 81.
apr 26, 2020 1:45:05 PO PODNE org.openqa.selenium.remote.ProtocolHandshake createSession
INFO: Detected dialect: W3C
[1587901507.761][SEVERE]: Timed out receiving message from renderer: 0.100
[1587901507.862][SEVERE]: Timed out receiving message from renderer: 0.100
[1587901507.963][SEVERE]: Timed out receiving message from renderer: 0.100
[1587901508.198][SEVERE]: Timed out receiving message from renderer: 0.100
[1587901510.709][SEVERE]: Timed out receiving message from renderer: 0.100
</system-err>
  </testcase>
  <testcase classname="portal.PortalTest" name="testDisableRandomPortal" time="7.139">
    <skipped/>
    <system-err>Starting ChromeDriver 80.0.3987.106 (f68069574609230cf9b635cd784cfb1bf81bb53a-refs/branch-heads/3987@{#882}) on port 5512
Only local connections are allowed.
Please protect ports used by ChromeDriver and related test frameworks to prevent access by malicious code.
[1587901513.073][WARNING]: This version of ChromeDriver has not been tested with Chrome version 81.
apr 26, 2020 1:45:14 PO PODNE org.openqa.selenium.remote.ProtocolHandshake createSession
INFO: Detected dialect: W3C
[1587901514.829][SEVERE]: Timed out receiving message from renderer: 0.100
[1587901514.947][SEVERE]: Timed out receiving message from renderer: 0.100
[1587901515.191][SEVERE]: Timed out receiving message from renderer: 0.100
[1587901517.827][SEVERE]: Timed out receiving message from renderer: 0.100
</system-err>
  </testcase>
  <testcase classname="portal.PortalTest" name="testCloseDisableRandomPortal" time="6.637">
    <skipped/>
    <system-err>Starting ChromeDriver 80.0.3987.106 (f68069574609230cf9b635cd784cfb1bf81bb53a-refs/branch-heads/3987@{#882}) on port 22347
Only local connections are allowed.
Please protect ports used by ChromeDriver and related test frameworks to prevent access by malicious code.
[1587901520.200][WARNING]: This version of ChromeDriver has not been tested with Chrome version 81.
apr 26, 2020 1:45:21 PO PODNE org.openqa.selenium.remote.ProtocolHandshake createSession
INFO: Detected dialect: W3C
[1587901521.647][SEVERE]: Timed out receiving message from renderer: 0.100
[1587901521.748][SEVERE]: Timed out receiving message from renderer: 0.100
[1587901524.426][SEVERE]: Timed out receiving message from renderer: 0.100
</system-err>
  </testcase>
  <testcase classname="portal.PortalTest" name="testDeleteFirstPortal" time="8.035"/>
  <testcase classname="portal.PortalTest" name="testCloseDeleteFirstPortal" time="8.537"/>
  <testcase classname="portal.PortalTest" name="testDeleteRandomPortal" time="10.272"/>
  <testcase classname="portal.PortalTest" name="testCloseDeleteRandomPortal" time="7.462"/>
</testsuite>